12:04:48    58 --> ...                                  [tcl] ucliGUI::start /home1/msc30y20/Desktop/Module5/Behavioral/simv -ucligui 
12:04:48    59 --> ...                                      [tcl] set ucliGUI::state
12:04:48    60 --> ...                                          [tcl] gui_update_simulator_buttons
12:04:49    61 --> ...                                              [tcl] set ucliGUI::state
12:04:49    62 --> ...                                                  [tcl] ucliCore::getToolPID
12:04:49    63 --> ...                                                      [tcl] synopsys::env hasTB
12:04:49    64 --> ...                                                          [tcl] trigger_hier_stack_context_switch 0
12:04:49    65 --> ...                                                              [tcl] synUtils::setDVEInitPhase 1
12:04:49    66 --> ...                                                                  [tcl] gui_get_env SIMSETUP::SIMVPD
12:04:49    67 --> ...                                                                      [tcl] synopsys::dump -type VPD -file /home1/msc30y20/Desktop/Module5/Behavioral/inter.vpd -locking
12:04:49    68 --> ...                                                                          [tcl] synopsys::dump -autoflush on -fid VPD1
12:04:49    69 --> ...                                                                              [tcl] set ::dve_fid VPD1
12:04:49    70 --> ...                                                                                  [tcl] synUtils::setDVEInitPhase 0
12:04:49    71 --> ...                                                                                      [tcl] ucliCore::getToolPID
12:04:49    72 --> ...                                                                                          [tcl] synUtils::sendTool -active _icl_setToolSocket /tmp/smlnpO1bZd1
12:04:49    73 --> ...                                                                                              [tcl] synUtils::sendTool -active {_icl_start_rpc -version "I-2014.03-SP1" -sync_file /tmp/vcs_dve_rpc.msc30y20.28113}
12:04:49    74 --> ...                                                                                                  [tcl] synUtils::sendTool -active {_icl_createSharedMemory /tmp/vcs_dve_general.msc30y20.28113}
12:04:49    75 --> ...  [tcl] config endofsim noexit
12:04:49    76 --> ...      [tcl] config onfail enable all
12:04:49    77 --> ...          [tcl] config syscaddplainmembers
12:04:49    78 --> ...              [tcl] config syscaddsourcenames
12:04:49    79 --> ...                  [tcl] config syscaddstructtypes
12:04:49    80 --> ...                      [tcl] synopsys::listing -disable
12:04:50    81 --> ...                          [tcl] # Begin_DVE_Session_Save_Info
12:04:50    82 --> ...                              [tcl] # DVE restart session
12:04:50    83 --> ...                                  [tcl] # Saved on Wed Oct 7 12:04:48 2020
12:04:50    84 --> ...                                      [tcl] # Designs open: 1
12:04:50    85 --> ...                                          [tcl] #   Sim: /home1/msc30y20/Desktop/Module5/Behavioral/simv
12:04:50    86 --> ...                                              [tcl] # Toplevel windows open: 2
12:04:50    87 --> ...                                                  [tcl] # 	TopLevel.1
12:04:50    88 --> ...                                                      [tcl] # 	TopLevel.2
12:04:50    89 --> ...                                                          [tcl] #   Source.1: MatrixMultiplier_tb
12:04:50    90 --> ...                                                              [tcl] #   Wave.1: 15 signals
12:04:50    91 --> ...                                                                  [tcl] #   Group count = 3
12:04:50    92 --> ...                                                                      [tcl] #   Group Group1 signal count = 7
12:04:50    93 --> ...                                                                          [tcl] #   Group Group2 signal count = 6
12:04:50    94 --> ...                                                                              [tcl] #   Group Group3 signal count = 2
12:04:50    95 --> ...                                                                                  [tcl] # End_DVE_Session_Save_Info
12:04:50    96 --> ...                                                                                      [tcl] # DVE version: I-2014.03-SP1
12:04:50    97 --> ...                                                                                          [tcl] # DVE build date: Aug 27 2014 20:50:39
12:04:50    98 --> ...                                                                                              [tcl] #<Session mode="Restart" path=".restartSimSession.tcl" type="Debug">
12:04:50    99 --> ...                                                                                                  [tcl] gui_set_loading_session_type Restart
12:04:50    100 --> ...  [tcl] gui_continuetime_set
12:04:50    101 --> ...      [tcl] gui_clear_window -type Wave
12:04:50    102 --> ...          [tcl] gui_clear_window -type List
12:04:50    103 --> ...              [tcl] # Application preferences
12:04:50    104 --> ...                  [tcl] gui_set_pref_value -key app_default_font -value {Helvetica,17,-1,5,50,0,0,0,0,0}
12:04:50    105 --> ...                      [tcl] gui_src_preferences -tabstop 8 -maxbits 24 -windownumber 1
12:04:50    106 --> ...                          [tcl] #<WindowLayout>
12:04:50    107 --> ...                              [tcl] # DVE top-level session
12:04:50    108 --> ...                                  [tcl] # Create and position top-level window: TopLevel.1
12:04:50    109 --> ...                                      [tcl] set TopLevel.1 TopLevel.1
12:04:50    110 --> ...                                          [tcl] # Docked window settings
12:04:50    111 --> ...                                              [tcl] set HSPane.1 HSPane.1
12:04:50    112 --> ...                                                  [tcl] set Hier.1 Hier.1
12:04:50    113 --> ...                                                      [tcl] set DLPane.1 DLPane.1
12:04:50    114 --> ...                                                          [tcl] set Data.1 Data.1
12:04:50    115 --> ...                                                              [tcl] set Console.1 Console.1
12:04:50    116 --> ...                                                                  [tcl] gui_sync_global -id ${TopLevel.1} -option true
12:04:50    117 --> ...                                                                      [tcl] # MDI window settings
12:04:50    118 --> ...                                                                          [tcl] set Source.1 Source.1
12:04:50    119 --> ...                                                                              [tcl] gui_update_layout -id ${Source.1} {{show_state maximized} {dock_state undocked} {dock_on_new_line false}}
12:04:50    120 --> ...                                                                                  [tcl] # End MDI window settings
12:04:50    121 --> ...                                                                                      [tcl] # Create and position top-level window: TopLevel.2
12:04:50    122 --> ...                                                                                          [tcl] set TopLevel.2 TopLevel.2
12:04:50    123 --> ...                                                                                              [tcl] # Docked window settings
12:04:50    124 --> ...                                                                                                  [tcl] gui_sync_global -id ${TopLevel.2} -option true
12:04:50    125 --> ...  [tcl] # MDI window settings
12:04:50    126 --> ...      [tcl] set Wave.1 Wave.1
12:04:50    127 --> ...          [tcl] gui_update_layout -id ${Wave.1} {{show_state maximized} {dock_state undocked} {dock_on_new_line false} {child_wave_left 464} {child_wave_right 1130} {child_wave_colname 230} {child_wave_colvalue 230} {child_wave_col1 0} {child_wave_col2 1}}
12:04:50    128 --> ...              [tcl] # End MDI window settings
12:04:50    129 --> ...                  [tcl] #</WindowLayout>
12:04:50    130 --> ...                      [tcl] #<Database>
12:04:50    131 --> ...                          [tcl] gui_set_precision 1s
12:04:50    132 --> ...                              [tcl] gui_set_time_units 1s
12:04:50    133 --> ...                                  [tcl] #</Database>
12:04:50    134 --> ...                                      [tcl] # DVE Global setting session:
12:04:50    135 --> ...                                          [tcl] # Global: Breakpoints
12:04:50    136 --> ...                                              [tcl] # Global: Bus
12:04:50    137 --> ...                                                  [tcl] # Global: Expressions
12:04:50    138 --> ...                                                      [tcl] # Global: Signal Time Shift
12:04:50    139 --> ...                                                          [tcl] # Global: Signal Compare
12:04:50    140 --> ...                                                              [tcl] # Global: Signal Groups
12:04:50    141 --> ...                                                                  [tcl] set _session_group_1 Group1
12:04:50    142 --> ...                                                                      [tcl] gui_sg_create "$_session_group_1"
12:04:50    143 --> ...                                                                          [tcl] set Group1 "$_session_group_1"
12:04:50    144 --> ...                                                                              [tcl] gui_sg_addsignal -group "$_session_group_1" { MatrixMultiplier_tb.CLK MatrixMultiplier_tb.NRST MatrixMultiplier_tb.START MatrixMultiplier_tb.MM1.state MatrixMultiplier_tb.MM1.EN1 MatrixMultiplier_tb.MM1.EN2 MatrixMultiplier_tb.MM1.EN3 }
12:04:50    145 --> ...                                                                                  [tcl] set _session_group_2 Group2
12:04:50    146 --> ...                                                                                      [tcl] gui_sg_create "$_session_group_2"
12:04:50    147 --> ...                                                                                          [tcl] set Group2 "$_session_group_2"
12:04:50    148 --> ...                                                                                              [tcl] gui_sg_addsignal -group "$_session_group_2" { MatrixMultiplier_tb.A MatrixMultiplier_tb.B MatrixMultiplier_tb.A0 MatrixMultiplier_tb.A1 MatrixMultiplier_tb.B0 MatrixMultiplier_tb.B1 }
12:04:50    149 --> ...                                                                                                  [tcl] set _session_group_3 Group3
12:04:50    150 --> ...  [tcl] gui_sg_create "$_session_group_3"
12:04:50    151 --> ...      [tcl] set Group3 "$_session_group_3"
12:04:50    152 --> ...          [tcl] gui_sg_addsignal -group "$_session_group_3" { MatrixMultiplier_tb.OUT MatrixMultiplier_tb.OUT_STROBE }
12:04:50    153 --> ...              [tcl] # Global: Highlighting
12:04:50    154 --> ...                  [tcl] # Global: Stack
12:04:50    155 --> ...                      [tcl] gui_change_stack_mode -mode list
12:04:50    156 --> ...                          [tcl] synopsys::xml {set_only_active_frame <data value="1" />}
12:04:50    157 --> ...                              [tcl] # Post database loading setting...
12:04:50    158 --> ...                                  [tcl] # Save global setting...
12:04:50    159 --> ...                                      [tcl] # Wave/List view global setting
12:04:50    160 --> ...                                          [tcl] gui_cov_show_value -switch false
12:04:50    161 --> ...                                              [tcl] # Close all empty TopLevel windows
12:04:50    162 --> ...                                                  [tcl] foreach __top [gui_ekki_get_window_ids -type TopLevel] {     if { [llength [gui_ekki_get_window_ids -parent $__top]] == 0} {         gui_close_window -window $__top     } }
12:04:50    163 --> ...                                                      [tcl] gui_set_loading_session_type noSession
12:04:50    164 --> ...                                                          [tcl] # DVE View/pane content session:
12:04:50    165 --> ...                                                              [tcl] # Hier 'Hier.1'
12:04:50    166 --> ...                                                                  [tcl] gui_show_window -window ${Hier.1}
12:04:50    167 --> ...                                                                      [tcl] gui_list_set_filter -id ${Hier.1} -list { {Package 1} {All 0} {Process 1} {VirtPowSwitch 0} {UnnamedProcess 1} {UDP 0} {Function 1} {Block 1} {OVA Unit 1} {LeafScCell 1} {LeafVlgCell 1} {Interface 1} {LeafVhdCell 1} {$unit 1} {NamedBlock 1} {Task 1} {VlgPackage 1} {ClassDef 1} {VirtIsoCell 0} }
12:04:50    168 --> ...                                                                          [tcl] gui_list_set_filter -id ${Hier.1} -text {*}
12:04:50    169 --> ...                                                                              [tcl] gui_change_design -id ${Hier.1} -design Sim
12:04:50    170 --> ...                                                                                  [tcl] catch {gui_list_expand -id ${Hier.1} MatrixMultiplier_tb}
12:04:50    171 --> ...                                                                                      [tcl] catch {gui_list_select -id ${Hier.1} {MatrixMultiplier_tb.MM1}}
12:04:50    172 --> ...                                                                                          [tcl] dveMisc::vbusExpand MatrixMultiplier_tb.MM1
12:04:50    173 --> ...                                                                                              [tcl] gui_view_scroll -id ${Hier.1} -vertical -set 0
12:04:50    174 --> ...                                                                                                  [tcl] gui_view_scroll -id ${Hier.1} -horizontal -set 0
12:04:50    175 --> ...  [tcl] # Data 'Data.1'
12:04:50    176 --> ...      [tcl] gui_list_set_filter -id ${Data.1} -list { {Buffer 1} {Input 1} {Others 1} {Linkage 1} {Output 1} {LowPower 1} {Parameter 1} {All 1} {Aggregate 1} {LibBaseMember 1} {Event 1} {Assertion 1} {Constant 1} {Interface 1} {BaseMembers 1} {Signal 1} {$unit 1} {Inout 1} {Variable 1} }
12:04:50    177 --> ...          [tcl] gui_list_set_filter -id ${Data.1} -text {*}
12:04:50    178 --> ...              [tcl] gui_list_show_data -id ${Data.1} {MatrixMultiplier_tb.MM1}
12:04:50    179 --> ...                  [tcl] gui_show_window -window ${Data.1}
12:04:50    180 --> ...                      [tcl] catch { gui_list_select -id ${Data.1} {MatrixMultiplier_tb.MM1.state MatrixMultiplier_tb.MM1.EN1 MatrixMultiplier_tb.MM1.EN2 MatrixMultiplier_tb.MM1.EN3 MatrixMultiplier_tb.MM1.Flag }}
12:04:50    181 --> ...                          [tcl] gui_view_scroll -id ${Data.1} -vertical -set 0
12:04:50    182 --> ...                              [tcl] gui_view_scroll -id ${Data.1} -horizontal -set 0
12:04:50    183 --> ...                                  [tcl] gui_view_scroll -id ${Hier.1} -vertical -set 0
12:04:50    184 --> ...                                      [tcl] gui_view_scroll -id ${Hier.1} -horizontal -set 0
12:04:50    185 --> ...                                          [tcl] # Source 'Source.1'
12:04:50    186 --> ...                                              [tcl] gui_src_value_annotate -id ${Source.1} -switch false
12:04:50    187 --> ...                                                  [tcl] gui_set_env TOGGLE::VALUEANNOTATE 0
12:04:50    188 --> ...                                                      [tcl] gui_open_source -id ${Source.1}  -replace -active MatrixMultiplier_tb /home1/msc30y20/Desktop/Module5/Behavioral/./MatrixMultiplier_tb.v
12:04:51    189 --> ...                                                          [tcl] gui_view_scroll -id ${Source.1} -vertical -set 198
12:04:51    190 --> ...                                                              [tcl] gui_src_set_reusable -id ${Source.1}
12:04:51    191 --> ...                                                                  [tcl] # View 'Wave.1'
12:04:51    192 --> ...                                                                      [tcl] gui_wv_sync -id ${Wave.1} -switch false
12:04:51    193 --> ...                                                                          [tcl] set groupExD [gui_get_pref_value -category Wave -key exclusiveSG]
12:04:51    194 --> ...                                                                              [tcl] gui_set_pref_value -category Wave -key exclusiveSG -value {false}
12:04:51    195 --> ...                                                                                  [tcl] set origWaveHeight [gui_get_pref_value -category Wave -key waveRowHeight]
12:04:51    196 --> ...                                                                                      [tcl] gui_list_set_height -id Wave -height 25
12:04:51    197 --> ...                                                                                          [tcl] set origGroupCreationState [gui_list_create_group_when_add -wave]
12:04:51    198 --> ...                                                                                              [tcl] gui_list_create_group_when_add -wave -disable
12:04:51    199 --> ...                                                                                                  [tcl] gui_wv_zoom_timerange -id ${Wave.1} 0 978
12:04:51    200 --> ...  [tcl] gui_list_add_group -id ${Wave.1} -after {New Group} {Group1}
12:04:51    201 --> ...      [tcl] synopsys::dump -add {MatrixMultiplier_tb.CLK MatrixMultiplier_tb.MM1.EN1 MatrixMultiplier_tb.MM1.EN2 MatrixMultiplier_tb.MM1.EN3 MatrixMultiplier_tb.MM1.state MatrixMultiplier_tb.NRST MatrixMultiplier_tb.START } -aggregates  -fid VPD1
12:04:51    202 --> ...          [tcl] gui_list_add_group -id ${Wave.1} -after {New Group} {Group2}
12:04:51    203 --> ...              [tcl] synopsys::dump -add {MatrixMultiplier_tb.A MatrixMultiplier_tb.A0 MatrixMultiplier_tb.A1 MatrixMultiplier_tb.B MatrixMultiplier_tb.B0 MatrixMultiplier_tb.B1 } -aggregates  -fid VPD1
12:04:51    204 --> ...                  [tcl] gui_list_add_group -id ${Wave.1} -after {New Group} {Group3}
12:04:51    205 --> ...                      [tcl] synopsys::dump -add {MatrixMultiplier_tb.OUT MatrixMultiplier_tb.OUT_STROBE } -aggregates  -fid VPD1
12:04:51    206 --> ...                          [tcl] gui_seek_criteria -id ${Wave.1} {Any Edge}
12:04:51    207 --> ...                              [tcl] gui_set_env TOGGLE::DEFAULT_WAVE_WINDOW ${Wave.1}
12:04:51    208 --> ...                                  [tcl] gui_set_pref_value -category Wave -key exclusiveSG -value $groupExD
12:04:51    209 --> ...                                      [tcl] gui_list_set_height -id Wave -height $origWaveHeight
12:04:51    210 --> ...                                          [tcl] if {$origGroupCreationState} { 	gui_list_create_group_when_add -wave -enable }
12:04:51    211 --> ...                                              [tcl] if { $groupExD } {  gui_msg_report -code DVWW028 }
12:04:51    212 --> ...                                                  [tcl] gui_list_set_filter -id ${Wave.1} -list { {Buffer 1} {Input 1} {Others 1} {Linkage 1} {Output 1} {Parameter 1} {All 1} {Aggregate 1} {LibBaseMember 1} {Event 1} {Assertion 1} {Constant 1} {Interface 1} {BaseMembers 1} {Signal 1} {$unit 1} {Inout 1} {Variable 1} }
12:04:51    213 --> ...                                                      [tcl] gui_list_set_filter -id ${Wave.1} -text {*}
12:04:51    214 --> ...                                                          [tcl] gui_list_set_insertion_bar  -id ${Wave.1} -group Group3  -item MatrixMultiplier_tb.OUT_STROBE -position below
12:04:51    215 --> ...                                                              [tcl] gui_view_scroll -id ${Wave.1} -vertical -set 0
12:04:51    216 --> ...                                                                  [tcl] gui_show_grid -id ${Wave.1} -enable false
12:04:51    217 --> ...                                                                      [tcl] # Restore toplevel window zorder
12:04:51    218 --> ...                                                                          [tcl] # The toplevel window could be closed if it has no view/pane
12:04:51    219 --> ...                                                                              [tcl] if {[gui_exist_window -window ${TopLevel.1}]} { 	gui_set_active_window -window ${TopLevel.1} 	gui_set_active_window -window ${Source.1} 	gui_set_active_window -window ${DLPane.1} }
12:04:51    220 --> ...                                                                                  [tcl] if {[gui_exist_window -window ${TopLevel.2}]} { 	gui_set_active_window -window ${TopLevel.2} 	gui_set_active_window -window ${Wave.1} }
12:04:51    221 --> ...                                                                                      [tcl] #</Session>
12:04:54    222 --> ...                                                                                          [tcl] synopsys::run
12:04:54    223 --> ...                                                                                              [tcl] set ucliGUI::state
12:04:54    224 --> ...                                                                                                  [tcl] set ucliGUI::state
12:04:54    225 --> ...  [tcl] set ucliGUI::state
12:04:54    226 --> ...      [tcl] set ucliGUI::state
12:04:54    227 --> ...          [tcl] catch {senv activeDomain} dveMisc::result 
12:04:54    228 --> ...              [tcl] set dveMisc::result
12:04:54    229 --> ...                  [tcl] gui_update_simulator_buttons
12:08:05    230 --> ...                      [tcl] if [catch {gui_sim_terminate}] {gui_sim_terminate -kill}
12:08:05    231 --> ...                          [tcl] synopsys::finish
12:08:05    232 --> ...                              [tcl] set ucliGUI::state
12:08:06    233 --> ...                                  [tcl] set ucliGUI::state
12:08:06    234 --> ...                                      [tcl] catch {senv activeDomain} dveMisc::result 
12:08:06    235 --> ...                                          [tcl] set dveMisc::result
12:08:06    236 --> ...                                              [tcl] gui_update_simulator_buttons
12:08:06    237 --> ...                                                  [tcl] catch {senv activeDomain} dveMisc::result 
12:08:06    238 --> ...                                                      [tcl] set dveMisc::result
12:08:06    239 --> ...                                                          [tcl] ucli_exit
