Chronologic VCS simulator copyright 1991-2014
Contains Synopsys proprietary information.
Compiler version I-2014.03-SP1; Runtime version I-2014.03-SP1;  Oct  7 12:02 2020
VCD+ Writer I-2014.03-SP1 Copyright (c) 1991-2014 by Synopsys Inc.
The file '/home1/msc30y20/Desktop/Module5/Behavioral/inter.vpd' was opened successfully.
$finish called from file "./MatrixMultiplier_tb.v", line 81.
$finish at simulation time                  940
Simulation complete, time is 940.
           V C S   S i m u l a t i o n   R e p o r t 
Time: 940
CPU Time:      0.180 seconds;       Data structure size:   0.0Mb
Wed Oct  7 12:02:58 2020
Chronologic VCS simulator copyright 1991-2014
Contains Synopsys proprietary information.
Compiler version I-2014.03-SP1; Runtime version I-2014.03-SP1;  Oct  7 12:04 2020
VCD+ Writer I-2014.03-SP1 Copyright (c) 1991-2014 by Synopsys Inc.
The file '/home1/msc30y20/Desktop/Module5/Behavioral/inter.vpd' was opened successfully.
$finish called from file "./MatrixMultiplier_tb.v", line 81.
$finish at simulation time                  940
Simulation complete, time is 940.
           V C S   S i m u l a t i o n   R e p o r t 
Time: 940
CPU Time:      0.050 seconds;       Data structure size:   0.0Mb
Wed Oct  7 12:04:54 2020
