# Preference setting overrides
gui_set_pref_value -category {Globals} -key {app_default_font} -value {Helvetica,17,-1,5,50,0,0,0,0,0}
gui_set_pref_value -category {Globals} -key {app_fixed_width_font} -value {Courier [Ibm],16,-1,5,50,0,0,0,0,0}
gui_create_pref_key -category {Globals} -key {load_detail_for_funcov} -value_type {bool} -value {false}
gui_set_pref_value -category {Wave} -key {showgrid} -value {true}
gui_create_pref_category -category {dlg_settings}
gui_create_pref_key -category {dlg_settings} -key {tableWithImmediatePopup} -value_type {bool} -value {true}

# State setting overrides
gui_state_default_create -off -ini
gui_set_state_value -category Layout -key child_console_size_x -value 1548
gui_set_state_value -category Layout -key child_console_size_y -value 183
gui_set_state_value -category Layout -key child_data_coltype -value 102
gui_set_state_value -category Layout -key child_data_colvalue -value 17
gui_set_state_value -category Layout -key child_data_colvariable -value 181
gui_set_state_value -category Layout -key child_data_size_x -value 305
gui_set_state_value -category Layout -key child_data_size_y -value 778
gui_set_state_value -category Layout -key child_driver_size_x -value 1303
gui_set_state_value -category Layout -key child_driver_size_y -value 186
gui_set_state_value -category Layout -key child_hier_col3 -value {-1}
gui_set_state_value -category Layout -key child_hier_colpd -value 0
gui_set_state_value -category Layout -key child_hier_size_x -value 133
gui_set_state_value -category Layout -key child_hier_size_y -value 778
gui_set_state_value -category Layout -key child_hier_sort_order -value 1
gui_set_state_value -category Layout -key child_source_docknewline -value false
gui_set_state_value -category Layout -key child_source_pos_x -value {-2}
gui_set_state_value -category Layout -key child_source_pos_y -value {-18}
gui_set_state_value -category Layout -key child_source_size_x -value 1113
gui_set_state_value -category Layout -key child_source_size_y -value 774
gui_set_state_value -category Layout -key child_wave_colname -value 230
gui_set_state_value -category Layout -key child_wave_colvalue -value 230
gui_set_state_value -category Layout -key child_wave_left -value 464
gui_set_state_value -category Layout -key child_wave_right -value 1130
gui_set_state_value -category Layout -key main_pos_y -value 24
gui_set_state_value -category Layout -key main_size_x -value 1553
gui_set_state_value -category Layout -key main_size_y -value 1103
gui_set_state_value -category Layout -key stand_wave_child_docknewline -value false
gui_set_state_value -category Layout -key stand_wave_child_pos_x -value {-2}
gui_set_state_value -category Layout -key stand_wave_child_pos_y -value {-18}
gui_set_state_value -category Layout -key stand_wave_child_size_x -value 1604
gui_set_state_value -category Layout -key stand_wave_child_size_y -value 1002
gui_set_state_value -category Layout -key stand_wave_top_pos_x -value 5
gui_set_state_value -category Layout -key stand_wave_top_pos_y -value 24
gui_set_state_value -category Layout -key stand_wave_top_size_x -value 1604
gui_set_state_value -category Layout -key stand_wave_top_size_y -value 1148
gui_create_state_key -category FindDialog -key m_pMatchCase -value_type bool -value false
gui_create_state_key -category FindDialog -key m_pMatchWord -value_type bool -value false
gui_create_state_key -category FindDialog -key m_pUseCombo -value_type string -value {}
gui_create_state_key -category FindDialog -key m_pWrapAround -value_type bool -value true
gui_create_state_key -category Widget_History -key TopLevel.1|qt_left_dock|DockWnd2|DLPane.1|pages|Data.1|hbox|textfilter -value_type string -value EN2
gui_create_state_key -category Widget_History -key {dlgSimSetup|m_setupTab|tab pages|SimTab|m_VPDCombo} -value_type string -value inter.vpd
gui_create_state_key -category Widget_History -key {dlgSimSetup|m_setupTab|tab pages|SimTab|m_argsCombo} -value_type string -value {{-ucligui }}
gui_create_state_key -category Widget_History -key {dlgSimSetup|m_setupTab|tab pages|SimTab|m_curDirCombo} -value_type string -value {/home1/msc30y20/Desktop/Module5/Behavioral /home1/msc30y20/Desktop/Module5/rtl /home1/msc30y20/Desktop/Module4/Behavioral /home1/msc30y20/Desktop/TestBench/rtl /home1/msc30y20/Desktop/TestBench/Behavioral}
gui_create_state_key -category Widget_History -key {dlgSimSetup|m_setupTab|tab pages|SimTab|m_exeCombo} -value_type string -value {/home1/msc30y20/Desktop/Module5/Behavioral/simv simv /home1/msc30y20/Desktop/Module5/rtl/simv /home1/msc30y20/Desktop/Module4/Behavioral/simv /home1/msc30y20/Desktop/TestBench/rtl/simv}
gui_state_default_create -off

# Begin command logging
gui_sim_run Ucli -exe simv -args {-ucligui  } -dir .
gui_list_select -id Data.1 -selected  { {MatrixMultiplier_tb.OUT[16:0]}   }
gui_list_select -id Data.1 { MatrixMultiplier_tb.OUT_STROBE  MatrixMultiplier_tb.CLK  MatrixMultiplier_tb.NRST  MatrixMultiplier_tb.START  {MatrixMultiplier_tb.A[7:0]}  {MatrixMultiplier_tb.B[7:0]}  {MatrixMultiplier_tb.A0[7:0]}  {MatrixMultiplier_tb.A1[7:0]}  {MatrixMultiplier_tb.B0[7:0]}  {MatrixMultiplier_tb.B1[7:0]}   }
gui_open_window Wave
gui_list_add -id Wave.1 -from Data.1 { {MatrixMultiplier_tb.OUT[16:0]} MatrixMultiplier_tb.OUT_STROBE MatrixMultiplier_tb.CLK MatrixMultiplier_tb.NRST MatrixMultiplier_tb.START {MatrixMultiplier_tb.A[7:0]} {MatrixMultiplier_tb.B[7:0]} {MatrixMultiplier_tb.A0[7:0]} {MatrixMultiplier_tb.A1[7:0]} {MatrixMultiplier_tb.B0[7:0]} {MatrixMultiplier_tb.B1[7:0]} } -insertionbar
gui_sim_continue  
gui_zoom -window Wave.1 -full
gui_list_select -id Wave.1 -selected  { MatrixMultiplier_tb.OUT_STROBE   }
gui_list_select -id Wave.1 -selected  { {MatrixMultiplier_tb.OUT[16:0]}   }
gui_marker_move -id  Wave.1 C1 40000
gui_wv_zoom_timerange -id  Wave.1 0 976966
gui_wv_zoom_timerange -id  Wave.1 0 1062341
gui_zoom -window Wave.1 -full
gui_wv_zoom_timerange -id  Wave.1 0 991400
gui_list_select -id Wave.1 -selected  {  }
gui_list_select -id Wave.1 -selected  { {MatrixMultiplier_tb.OUT[16:0]}   }
gui_marker_move -id  Wave.1 C1 158094
gui_zoom -window Wave.1 -full
gui_marker_move -id  Wave.1 C1 40000
gui_marker_move -id  Wave.1 C1 340000
gui_marker_move -id  Wave.1 C1 40000
gui_marker_select -id  Wave.1 { C1 }
gui_marker_move -id  Wave.1 C1 952553
gui_list_select -id Wave.1 -selected  {  }
gui_list_expand -id  Hier.1   MatrixMultiplier_tb
gui_list_select -id Hier.1 -current_item_name MatrixMultiplier_tb.MM1 -current_item_type Scope  -selected  { MatrixMultiplier_tb.MM1   }
gui_list_select -id Data.1 -selected  { {MatrixMultiplier_tb.MM1.state[1:0]}   }
gui_list_add -id Wave.1 -from Data.1 { {MatrixMultiplier_tb.MM1.state[1:0]} } -insertionbar
gui_sim_restart
gui_sim_continue  
gui_zoom -window Wave.1 -full
gui_marker_move -id  Wave.1 C1 151322
gui_marker_move -id  Wave.1 C1 1213
gui_marker_move -id  Wave.1 C1 952553
gui_marker_move -id  Wave.1 C1 151322
gui_zoom -window Wave.1 -factor 2
gui_zoom -window Wave.1 -factor 2
gui_zoom -window Wave.1 -factor 2
gui_zoom -window Wave.1 -factor 2
gui_zoom -window Wave.1 -factor 2
gui_zoom -window Wave.1 -factor 2
gui_zoom -window Wave.1 -factor 2
gui_zoom -window Wave.1 -factor 2
gui_zoom -window Wave.1 -factor 2
gui_zoom -window Wave.1 -full
gui_list_select -id Wave.1 -selected  { {MatrixMultiplier_tb.OUT[16:0]}   }
gui_marker_move -id  Wave.1 C1 938523
gui_list_select -id Wave.1 -selected  { MatrixMultiplier_tb.CLK   }
gui_list_select -id Wave.1 -selected  { MatrixMultiplier_tb.NRST   }
gui_list_select -id Wave.1 -selected  { MatrixMultiplier_tb.CLK   }
gui_list_move  -id  Wave.1    -sid  Wave.1   -after Group1 {{MatrixMultiplier_tb.CLK}}
gui_list_select -id Wave.1 -selected  { MatrixMultiplier_tb.NRST   }
gui_list_move  -id  Wave.1    -sid  Wave.1   -after MatrixMultiplier_tb.CLK {{MatrixMultiplier_tb.NRST}} 
gui_list_select -id Wave.1 -selected  { MatrixMultiplier_tb.START   }
gui_list_move  -id  Wave.1    -sid  Wave.1   -after MatrixMultiplier_tb.NRST {{MatrixMultiplier_tb.START}} 
gui_list_select -id Wave.1 -selected  { {MatrixMultiplier_tb.A[7:0]}   }
gui_list_select -id Wave.1 -selected  { {MatrixMultiplier_tb.MM1.state[1:0]}   }
gui_list_move  -id  Wave.1    -sid  Wave.1   -after MatrixMultiplier_tb.START {{MatrixMultiplier_tb.MM1.state[1:0]}} 
gui_list_select -id Wave.1 -selected  { {MatrixMultiplier_tb.A[7:0]}   }
gui_list_select -id Wave.1 -selected  { {MatrixMultiplier_tb.A[7:0]}  {MatrixMultiplier_tb.B[7:0]}  {MatrixMultiplier_tb.A0[7:0]}  {MatrixMultiplier_tb.A1[7:0]}  {MatrixMultiplier_tb.B0[7:0]}  {MatrixMultiplier_tb.B1[7:0]}   }
gui_sg_create  Group2 
gui_list_add_group -id  Wave.1   {Group2} 
gui_list_move  -id  Wave.1    -sid  Wave.1   -after Group2 {{MatrixMultiplier_tb.A[7:0]} {MatrixMultiplier_tb.B[7:0]} {MatrixMultiplier_tb.A0[7:0]} {MatrixMultiplier_tb.A1[7:0]} {MatrixMultiplier_tb.B0[7:0]} {MatrixMultiplier_tb.B1[7:0]}}
gui_list_select -id Wave.1 -selected  { {MatrixMultiplier_tb.OUT[16:0]}   }
gui_list_select -id Wave.1 -selected  { {MatrixMultiplier_tb.OUT[16:0]}  MatrixMultiplier_tb.OUT_STROBE   }
gui_sg_create  Group3 
gui_list_add_group -id  Wave.1   {Group3} 
gui_list_move  -id  Wave.1    -sid  Wave.1   -after Group3 {{MatrixMultiplier_tb.OUT[16:0]} {MatrixMultiplier_tb.OUT_STROBE}}
gui_list_select -id Wave.1 -selected  {  }
gui_close_window -window TopLevel.2
#gui_exit

