12:12:00    58 --> ...                                  [tcl] ucliGUI::start /home1/msc30y20/Desktop/Module5/rtl/simv -ucligui 
12:12:00    59 --> ...                                      [tcl] set ucliGUI::state
12:12:00    60 --> ...                                          [tcl] gui_update_simulator_buttons
12:12:01    61 --> ...                                              [tcl] set ucliGUI::state
12:12:01    62 --> ...                                                  [tcl] ucliCore::getToolPID
12:12:01    63 --> ...                                                      [tcl] synopsys::env hasTB
12:12:01    64 --> ...                                                          [tcl] trigger_hier_stack_context_switch 0
12:12:01    65 --> ...                                                              [tcl] synUtils::setDVEInitPhase 1
12:12:01    66 --> ...                                                                  [tcl] gui_get_env SIMSETUP::SIMVPD
12:12:01    67 --> ...                                                                      [tcl] synopsys::dump -type VPD -file /home1/msc30y20/Desktop/Module5/rtl/inter.vpd -locking
12:12:01    68 --> ...                                                                          [tcl] synopsys::dump -autoflush on -fid VPD1
12:12:01    69 --> ...                                                                              [tcl] set ::dve_fid VPD1
12:12:01    70 --> ...                                                                                  [tcl] synUtils::setDVEInitPhase 0
12:12:01    71 --> ...                                                                                      [tcl] ucliCore::getToolPID
12:12:01    72 --> ...                                                                                          [tcl] synUtils::sendTool -active _icl_setToolSocket /tmp/smlnpQq8uNP
12:12:01    73 --> ...                                                                                              [tcl] synUtils::sendTool -active {_icl_start_rpc -version "I-2014.03-SP1" -sync_file /tmp/vcs_dve_rpc.msc30y20.29038}
12:12:01    74 --> ...                                                                                                  [tcl] synUtils::sendTool -active {_icl_createSharedMemory /tmp/vcs_dve_general.msc30y20.29038}
12:12:01    75 --> ...  [tcl] config endofsim noexit
12:12:01    76 --> ...      [tcl] config onfail enable all
12:12:01    77 --> ...          [tcl] config syscaddplainmembers
12:12:01    78 --> ...              [tcl] config syscaddsourcenames
12:12:01    79 --> ...                  [tcl] config syscaddstructtypes
12:12:01    80 --> ...                      [tcl] synopsys::listing -disable
12:12:02    81 --> ...                          [tcl] # Begin_DVE_Session_Save_Info
12:12:02    82 --> ...                              [tcl] # DVE restart session
12:12:02    83 --> ...                                  [tcl] # Saved on Wed Oct 7 12:11:59 2020
12:12:02    84 --> ...                                      [tcl] # Designs open: 1
12:12:02    85 --> ...                                          [tcl] #   Sim: /home1/msc30y20/Desktop/Module5/rtl/simv
12:12:02    86 --> ...                                              [tcl] # Toplevel windows open: 2
12:12:02    87 --> ...                                                  [tcl] # 	TopLevel.1
12:12:02    88 --> ...                                                      [tcl] # 	TopLevel.2
12:12:02    89 --> ...                                                          [tcl] #   Source.1: MatrixMultiplier_tb
12:12:02    90 --> ...                                                              [tcl] #   Wave.1: 12 signals
12:12:02    91 --> ...                                                                  [tcl] #   Group count = 1
12:12:02    92 --> ...                                                                      [tcl] #   Group Group1 signal count = 12
12:12:02    93 --> ...                                                                          [tcl] # End_DVE_Session_Save_Info
12:12:02    94 --> ...                                                                              [tcl] # DVE version: I-2014.03-SP1
12:12:02    95 --> ...                                                                                  [tcl] # DVE build date: Aug 27 2014 20:50:39
12:12:02    96 --> ...                                                                                      [tcl] #<Session mode="Restart" path=".restartSimSession.tcl" type="Debug">
12:12:02    97 --> ...                                                                                          [tcl] gui_set_loading_session_type Restart
12:12:02    98 --> ...                                                                                              [tcl] gui_continuetime_set
12:12:02    99 --> ...                                                                                                  [tcl] gui_clear_window -type Wave
12:12:02    100 --> ...  [tcl] gui_clear_window -type List
12:12:02    101 --> ...      [tcl] # Application preferences
12:12:02    102 --> ...          [tcl] gui_set_pref_value -key app_default_font -value {Helvetica,17,-1,5,50,0,0,0,0,0}
12:12:02    103 --> ...              [tcl] gui_src_preferences -tabstop 8 -maxbits 24 -windownumber 1
12:12:02    104 --> ...                  [tcl] #<WindowLayout>
12:12:02    105 --> ...                      [tcl] # DVE top-level session
12:12:02    106 --> ...                          [tcl] # Create and position top-level window: TopLevel.1
12:12:02    107 --> ...                              [tcl] set TopLevel.1 TopLevel.1
12:12:02    108 --> ...                                  [tcl] # Docked window settings
12:12:02    109 --> ...                                      [tcl] set HSPane.1 HSPane.1
12:12:02    110 --> ...                                          [tcl] set Hier.1 Hier.1
12:12:02    111 --> ...                                              [tcl] set DLPane.1 DLPane.1
12:12:02    112 --> ...                                                  [tcl] set Data.1 Data.1
12:12:02    113 --> ...                                                      [tcl] set Console.1 Console.1
12:12:02    114 --> ...                                                          [tcl] gui_sync_global -id ${TopLevel.1} -option true
12:12:02    115 --> ...                                                              [tcl] # MDI window settings
12:12:02    116 --> ...                                                                  [tcl] set Source.1 Source.1
12:12:02    117 --> ...                                                                      [tcl] gui_update_layout -id ${Source.1} {{show_state maximized} {dock_state undocked} {dock_on_new_line false}}
12:12:02    118 --> ...                                                                          [tcl] # End MDI window settings
12:12:02    119 --> ...                                                                              [tcl] # Create and position top-level window: TopLevel.2
12:12:02    120 --> ...                                                                                  [tcl] set TopLevel.2 TopLevel.2
12:12:02    121 --> ...                                                                                      [tcl] # Docked window settings
12:12:02    122 --> ...                                                                                          [tcl] gui_sync_global -id ${TopLevel.2} -option true
12:12:02    123 --> ...                                                                                              [tcl] # MDI window settings
12:12:02    124 --> ...                                                                                                  [tcl] set Wave.1 Wave.1
12:12:02    125 --> ...  [tcl] gui_update_layout -id ${Wave.1} {{show_state maximized} {dock_state undocked} {dock_on_new_line false} {child_wave_left 301} {child_wave_right 1293} {child_wave_colname 177} {child_wave_colvalue 120} {child_wave_col1 0} {child_wave_col2 1}}
12:12:02    126 --> ...      [tcl] # End MDI window settings
12:12:02    127 --> ...          [tcl] #</WindowLayout>
12:12:02    128 --> ...              [tcl] #<Database>
12:12:02    129 --> ...                  [tcl] gui_set_precision 1ps
12:12:02    130 --> ...                      [tcl] gui_set_time_units 1ps
12:12:02    131 --> ...                          [tcl] #</Database>
12:12:02    132 --> ...                              [tcl] # DVE Global setting session:
12:12:02    133 --> ...                                  [tcl] # Global: Breakpoints
12:12:02    134 --> ...                                      [tcl] # Global: Bus
12:12:02    135 --> ...                                          [tcl] # Global: Expressions
12:12:02    136 --> ...                                              [tcl] # Global: Signal Time Shift
12:12:02    137 --> ...                                                  [tcl] # Global: Signal Compare
12:12:02    138 --> ...                                                      [tcl] # Global: Signal Groups
12:12:02    139 --> ...                                                          [tcl] set _session_group_1 Group1
12:12:02    140 --> ...                                                              [tcl] gui_sg_create "$_session_group_1"
12:12:02    141 --> ...                                                                  [tcl] set Group1 "$_session_group_1"
12:12:02    142 --> ...                                                                      [tcl] gui_sg_addsignal -group "$_session_group_1" { MatrixMultiplier_tb.OUT MatrixMultiplier_tb.OUT_STROBE MatrixMultiplier_tb.CLK MatrixMultiplier_tb.NRST MatrixMultiplier_tb.START MatrixMultiplier_tb.A MatrixMultiplier_tb.B MatrixMultiplier_tb.A0 MatrixMultiplier_tb.A1 MatrixMultiplier_tb.B0 MatrixMultiplier_tb.B1 MatrixMultiplier_tb.MM1.state }
12:12:02    143 --> ...                                                                          [tcl] # Global: Highlighting
12:12:02    144 --> ...                                                                              [tcl] # Global: Stack
12:12:02    145 --> ...                                                                                  [tcl] gui_change_stack_mode -mode list
12:12:02    146 --> ...                                                                                      [tcl] synopsys::xml {set_only_active_frame <data value="1" />}
12:12:02    147 --> ...                                                                                          [tcl] # Post database loading setting...
12:12:02    148 --> ...                                                                                              [tcl] # Save global setting...
12:12:02    149 --> ...                                                                                                  [tcl] # Wave/List view global setting
12:12:02    150 --> ...  [tcl] gui_cov_show_value -switch false
12:12:02    151 --> ...      [tcl] # Close all empty TopLevel windows
12:12:02    152 --> ...          [tcl] foreach __top [gui_ekki_get_window_ids -type TopLevel] {     if { [llength [gui_ekki_get_window_ids -parent $__top]] == 0} {         gui_close_window -window $__top     } }
12:12:02    153 --> ...              [tcl] gui_set_loading_session_type noSession
12:12:02    154 --> ...                  [tcl] # DVE View/pane content session:
12:12:02    155 --> ...                      [tcl] # Hier 'Hier.1'
12:12:02    156 --> ...                          [tcl] gui_show_window -window ${Hier.1}
12:12:02    157 --> ...                              [tcl] gui_list_set_filter -id ${Hier.1} -list { {Package 1} {All 0} {Process 1} {VirtPowSwitch 0} {UnnamedProcess 1} {UDP 0} {Function 1} {Block 1} {OVA Unit 1} {LeafScCell 1} {LeafVlgCell 1} {Interface 1} {LeafVhdCell 1} {$unit 1} {NamedBlock 1} {Task 1} {VlgPackage 1} {ClassDef 1} {VirtIsoCell 0} }
12:12:02    158 --> ...                                  [tcl] gui_list_set_filter -id ${Hier.1} -text {*}
12:12:02    159 --> ...                                      [tcl] gui_change_design -id ${Hier.1} -design Sim
12:12:02    160 --> ...                                          [tcl] catch {gui_list_expand -id ${Hier.1} MatrixMultiplier_tb}
12:12:02    161 --> ...                                              [tcl] catch {gui_list_select -id ${Hier.1} {MatrixMultiplier_tb.MM1}}
12:12:02    162 --> ...                                                  [tcl] dveMisc::vbusExpand MatrixMultiplier_tb.MM1
12:12:02    163 --> ...                                                      [tcl] gui_view_scroll -id ${Hier.1} -vertical -set 0
12:12:02    164 --> ...                                                          [tcl] gui_view_scroll -id ${Hier.1} -horizontal -set 0
12:12:02    165 --> ...                                                              [tcl] # Data 'Data.1'
12:12:02    166 --> ...                                                                  [tcl] gui_list_set_filter -id ${Data.1} -list { {Buffer 1} {Input 1} {Others 1} {Linkage 1} {Output 1} {LowPower 1} {Parameter 1} {All 1} {Aggregate 1} {LibBaseMember 1} {Event 1} {Assertion 1} {Constant 1} {Interface 1} {BaseMembers 1} {Signal 1} {$unit 1} {Inout 1} {Variable 1} }
12:12:02    167 --> ...                                                                      [tcl] gui_list_set_filter -id ${Data.1} -text {*}
12:12:02    168 --> ...                                                                          [tcl] gui_list_show_data -id ${Data.1} {MatrixMultiplier_tb.MM1}
12:12:02    169 --> ...                                                                              [tcl] gui_show_window -window ${Data.1}
12:12:02    170 --> ...                                                                                  [tcl] catch { gui_list_select -id ${Data.1} {MatrixMultiplier_tb.MM1.state }}
12:12:02    171 --> ...                                                                                      [tcl] gui_view_scroll -id ${Data.1} -vertical -set 3675
12:12:02    172 --> ...                                                                                          [tcl] gui_view_scroll -id ${Data.1} -horizontal -set 0
12:12:02    173 --> ...                                                                                              [tcl] gui_view_scroll -id ${Hier.1} -vertical -set 0
12:12:02    174 --> ...                                                                                                  [tcl] gui_view_scroll -id ${Hier.1} -horizontal -set 0
12:12:02    175 --> ...  [tcl] # Source 'Source.1'
12:12:02    176 --> ...      [tcl] gui_src_value_annotate -id ${Source.1} -switch false
12:12:02    177 --> ...          [tcl] gui_set_env TOGGLE::VALUEANNOTATE 0
12:12:02    178 --> ...              [tcl] gui_open_source -id ${Source.1}  -replace -active MatrixMultiplier_tb /home1/msc30y20/Desktop/Module5/rtl/./MatrixMultiplier_tb.v
12:12:03    179 --> ...                  [tcl] gui_view_scroll -id ${Source.1} -vertical -set 198
12:12:03    180 --> ...                      [tcl] gui_src_set_reusable -id ${Source.1}
12:12:03    181 --> ...                          [tcl] # View 'Wave.1'
12:12:03    182 --> ...                              [tcl] gui_wv_sync -id ${Wave.1} -switch false
12:12:03    183 --> ...                                  [tcl] set groupExD [gui_get_pref_value -category Wave -key exclusiveSG]
12:12:03    184 --> ...                                      [tcl] gui_set_pref_value -category Wave -key exclusiveSG -value {false}
12:12:03    185 --> ...                                          [tcl] set origWaveHeight [gui_get_pref_value -category Wave -key waveRowHeight]
12:12:03    186 --> ...                                              [tcl] gui_list_set_height -id Wave -height 25
12:12:03    187 --> ...                                                  [tcl] set origGroupCreationState [gui_list_create_group_when_add -wave]
12:12:03    188 --> ...                                                      [tcl] gui_list_create_group_when_add -wave -disable
12:12:03    189 --> ...                                                          [tcl] gui_wv_zoom_timerange -id ${Wave.1} 0 940000
12:12:03    190 --> ...                                                              [tcl] gui_list_add_group -id ${Wave.1} -after {New Group} {Group1}
12:12:03    191 --> ...                                                                  [tcl] synopsys::dump -add {MatrixMultiplier_tb.A MatrixMultiplier_tb.A0 MatrixMultiplier_tb.A1 MatrixMultiplier_tb.B MatrixMultiplier_tb.B0 MatrixMultiplier_tb.B1 MatrixMultiplier_tb.CLK MatrixMultiplier_tb.MM1.state MatrixMultiplier_tb.NRST MatrixMultiplier_tb.OUT MatrixMultiplier_tb.OUT_STROBE MatrixMultiplier_tb.START } -aggregates  -fid VPD1
12:12:03    192 --> ...                                                                      [tcl] gui_seek_criteria -id ${Wave.1} {Any Edge}
12:12:03    193 --> ...                                                                          [tcl] gui_set_env TOGGLE::DEFAULT_WAVE_WINDOW ${Wave.1}
12:12:03    194 --> ...                                                                              [tcl] gui_set_pref_value -category Wave -key exclusiveSG -value $groupExD
12:12:03    195 --> ...                                                                                  [tcl] gui_list_set_height -id Wave -height $origWaveHeight
12:12:03    196 --> ...                                                                                      [tcl] if {$origGroupCreationState} { 	gui_list_create_group_when_add -wave -enable }
12:12:03    197 --> ...                                                                                          [tcl] if { $groupExD } {  gui_msg_report -code DVWW028 }
12:12:03    198 --> ...                                                                                              [tcl] gui_list_set_filter -id ${Wave.1} -list { {Buffer 1} {Input 1} {Others 1} {Linkage 1} {Output 1} {Parameter 1} {All 1} {Aggregate 1} {LibBaseMember 1} {Event 1} {Assertion 1} {Constant 1} {Interface 1} {BaseMembers 1} {Signal 1} {$unit 1} {Inout 1} {Variable 1} }
12:12:03    199 --> ...                                                                                                  [tcl] gui_list_set_filter -id ${Wave.1} -text {*}
12:12:03    200 --> ...  [tcl] gui_list_set_insertion_bar  -id ${Wave.1} -group Group1  -position in
12:12:03    201 --> ...      [tcl] gui_view_scroll -id ${Wave.1} -vertical -set 0
12:12:03    202 --> ...          [tcl] gui_show_grid -id ${Wave.1} -enable false
12:12:03    203 --> ...              [tcl] # Restore toplevel window zorder
12:12:03    204 --> ...                  [tcl] # The toplevel window could be closed if it has no view/pane
12:12:03    205 --> ...                      [tcl] if {[gui_exist_window -window ${TopLevel.1}]} { 	gui_set_active_window -window ${TopLevel.1} 	gui_set_active_window -window ${Source.1} 	gui_set_active_window -window ${DLPane.1} }
12:12:03    206 --> ...                          [tcl] if {[gui_exist_window -window ${TopLevel.2}]} { 	gui_set_active_window -window ${TopLevel.2} 	gui_set_active_window -window ${Wave.1} }
12:12:03    207 --> ...                              [tcl] #</Session>
12:12:05    208 --> ...                                  [tcl] synopsys::run
12:12:05    209 --> ...                                      [tcl] set ucliGUI::state
12:12:05    210 --> ...                                          [tcl] set ucliGUI::state
12:12:05    211 --> ...                                              [tcl] set ucliGUI::state
12:12:05    212 --> ...                                                  [tcl] set ucliGUI::state
12:12:05    213 --> ...                                                      [tcl] catch {senv activeDomain} dveMisc::result 
12:12:05    214 --> ...                                                          [tcl] set dveMisc::result
12:12:05    215 --> ...                                                              [tcl] gui_update_simulator_buttons
12:14:41    216 --> ...                                                                  [tcl] if [catch {gui_sim_terminate}] {gui_sim_terminate -kill}
12:14:41    217 --> ...                                                                      [tcl] synopsys::finish
12:14:41    218 --> ...                                                                          [tcl] set ucliGUI::state
12:14:42    219 --> ...                                                                              [tcl] set ucliGUI::state
12:14:42    220 --> ...                                                                                  [tcl] catch {senv activeDomain} dveMisc::result 
12:14:42    221 --> ...                                                                                      [tcl] set dveMisc::result
12:14:42    222 --> ...                                                                                          [tcl] gui_update_simulator_buttons
12:14:42    223 --> ...                                                                                              [tcl] catch {senv activeDomain} dveMisc::result 
12:14:42    224 --> ...                                                                                                  [tcl] set dveMisc::result
12:14:42    225 --> ...  [tcl] ucli_exit
